Writing PID to thin-production.5000.pid
"2015-12-23 03:03:44 -0800:Rack::Builder:IP#73: Booting Switchyard Middleware: config.ru"
Thin web server (v1.6.4 codename Gob Bluth)
Maximum connections set to 1024
Listening on 0.0.0.0:5000, CTRL+C to stop
Exiting!
Writing PID to tmp/pids/thin.5000.pid
"2015-12-23 03:36:47 -0800:Rack::Builder:IP#73: Booting Switchyard Middleware: config.ru"
Thin web server (v1.6.4 codename Gob Bluth)
Maximum connections set to 1024
Listening on 0.0.0.0:5000, CTRL+C to stop
2015-12-23 03:36:59 - TypeError - no implicit conversion of nil into String:
	/home/vishnu/.rvm/gems/ruby-2.2.1/gems/json-1.8.3/lib/json/common.rb:155:in `initialize'
	/home/vishnu/.rvm/gems/ruby-2.2.1/gems/json-1.8.3/lib/json/common.rb:155:in `new'
	/home/vishnu/.rvm/gems/ruby-2.2.1/gems/json-1.8.3/lib/json/common.rb:155:in `parse'
	/home/vishnu/source/Attrition/MessageHub/messagehub.rb:165:in `block in <class:MessageHub>'
	/home/vishnu/.rvm/gems/ruby-2.2.1/gems/sinatra-1.4.6/lib/sinatra/base.rb:1610:in `call'
	/home/vishnu/.rvm/gems/ruby-2.2.1/gems/sinatra-1.4.6/lib/sinatra/base.rb:1610:in `block in compile!'
	/home/vishnu/.rvm/gems/ruby-2.2.1/gems/sinatra-1.4.6/lib/sinatra/base.rb:974:in `[]'
	/home/vishnu/.rvm/gems/ruby-2.2.1/gems/sinatra-1.4.6/lib/sinatra/base.rb:974:in `block (3 levels) in route!'
	/home/vishnu/.rvm/gems/ruby-2.2.1/gems/sinatra-1.4.6/lib/sinatra/base.rb:993:in `route_eval'
	/home/vishnu/.rvm/gems/ruby-2.2.1/gems/sinatra-1.4.6/lib/sinatra/base.rb:974:in `block (2 levels) in route!'
	/home/vishnu/.rvm/gems/ruby-2.2.1/gems/sinatra-1.4.6/lib/sinatra/base.rb:1014:in `block in process_route'
	/home/vishnu/.rvm/gems/ruby-2.2.1/gems/sinatra-1.4.6/lib/sinatra/base.rb:1012:in `catch'
	/home/vishnu/.rvm/gems/ruby-2.2.1/gems/sinatra-1.4.6/lib/sinatra/base.rb:1012:in `process_route'
	/home/vishnu/.rvm/gems/ruby-2.2.1/gems/sinatra-1.4.6/lib/sinatra/base.rb:972:in `block in route!'
	/home/vishnu/.rvm/gems/ruby-2.2.1/gems/sinatra-1.4.6/lib/sinatra/base.rb:971:in `each'
	/home/vishnu/.rvm/gems/ruby-2.2.1/gems/sinatra-1.4.6/lib/sinatra/base.rb:971:in `route!'
	/home/vishnu/.rvm/gems/ruby-2.2.1/gems/sinatra-1.4.6/lib/sinatra/base.rb:1084:in `block in dispatch!'
	/home/vishnu/.rvm/gems/ruby-2.2.1/gems/sinatra-1.4.6/lib/sinatra/base.rb:1066:in `block in invoke'
	/home/vishnu/.rvm/gems/ruby-2.2.1/gems/sinatra-1.4.6/lib/sinatra/base.rb:1066:in `catch'
	/home/vishnu/.rvm/gems/ruby-2.2.1/gems/sinatra-1.4.6/lib/sinatra/base.rb:1066:in `invoke'
	/home/vishnu/.rvm/gems/ruby-2.2.1/gems/sinatra-1.4.6/lib/sinatra/base.rb:1081:in `dispatch!'
	/home/vishnu/.rvm/gems/ruby-2.2.1/gems/sinatra-1.4.6/lib/sinatra/base.rb:906:in `block in call!'
	/home/vishnu/.rvm/gems/ruby-2.2.1/gems/sinatra-1.4.6/lib/sinatra/base.rb:1066:in `block in invoke'
	/home/vishnu/.rvm/gems/ruby-2.2.1/gems/sinatra-1.4.6/lib/sinatra/base.rb:1066:in `catch'
	/home/vishnu/.rvm/gems/ruby-2.2.1/gems/sinatra-1.4.6/lib/sinatra/base.rb:1066:in `invoke'
	/home/vishnu/.rvm/gems/ruby-2.2.1/gems/sinatra-1.4.6/lib/sinatra/base.rb:906:in `call!'
	/home/vishnu/.rvm/gems/ruby-2.2.1/gems/sinatra-1.4.6/lib/sinatra/base.rb:894:in `call'
	/home/vishnu/.rvm/gems/ruby-2.2.1/gems/rack-protection-1.5.3/lib/rack/protection/xss_header.rb:18:in `call'
	/home/vishnu/.rvm/gems/ruby-2.2.1/gems/rack-protection-1.5.3/lib/rack/protection/path_traversal.rb:16:in `call'
	/home/vishnu/.rvm/gems/ruby-2.2.1/gems/rack-protection-1.5.3/lib/rack/protection/json_csrf.rb:18:in `call'
	/home/vishnu/.rvm/gems/ruby-2.2.1/gems/rack-protection-1.5.3/lib/rack/protection/base.rb:49:in `call'
	/home/vishnu/.rvm/gems/ruby-2.2.1/gems/rack-protection-1.5.3/lib/rack/protection/base.rb:49:in `call'
	/home/vishnu/.rvm/gems/ruby-2.2.1/gems/rack-protection-1.5.3/lib/rack/protection/frame_options.rb:31:in `call'
	/home/vishnu/.rvm/gems/ruby-2.2.1/gems/rack-1.6.4/lib/rack/nulllogger.rb:9:in `call'
	/home/vishnu/.rvm/gems/ruby-2.2.1/gems/rack-1.6.4/lib/rack/head.rb:13:in `call'
	/home/vishnu/.rvm/gems/ruby-2.2.1/gems/sinatra-1.4.6/lib/sinatra/base.rb:181:in `call'
	/home/vishnu/.rvm/gems/ruby-2.2.1/gems/sinatra-1.4.6/lib/sinatra/base.rb:2021:in `call'
	/home/vishnu/.rvm/gems/ruby-2.2.1/gems/sinatra-1.4.6/lib/sinatra/base.rb:1486:in `block in call'
	/home/vishnu/.rvm/gems/ruby-2.2.1/gems/sinatra-1.4.6/lib/sinatra/base.rb:1795:in `synchronize'
	/home/vishnu/.rvm/gems/ruby-2.2.1/gems/sinatra-1.4.6/lib/sinatra/base.rb:1486:in `call'
	/home/vishnu/.rvm/gems/ruby-2.2.1/gems/thin-1.6.4/lib/thin/connection.rb:86:in `block in pre_process'
	/home/vishnu/.rvm/gems/ruby-2.2.1/gems/thin-1.6.4/lib/thin/connection.rb:84:in `catch'
	/home/vishnu/.rvm/gems/ruby-2.2.1/gems/thin-1.6.4/lib/thin/connection.rb:84:in `pre_process'
	/home/vishnu/.rvm/gems/ruby-2.2.1/gems/thin-1.6.4/lib/thin/connection.rb:53:in `process'
	/home/vishnu/.rvm/gems/ruby-2.2.1/gems/thin-1.6.4/lib/thin/connection.rb:39:in `receive_data'
	/home/vishnu/.rvm/gems/ruby-2.2.1/gems/eventmachine-1.0.8/lib/eventmachine.rb:193:in `run_machine'
	/home/vishnu/.rvm/gems/ruby-2.2.1/gems/eventmachine-1.0.8/lib/eventmachine.rb:193:in `run'
	/home/vishnu/.rvm/gems/ruby-2.2.1/gems/thin-1.6.4/lib/thin/backends/base.rb:73:in `start'
	/home/vishnu/.rvm/gems/ruby-2.2.1/gems/thin-1.6.4/lib/thin/server.rb:162:in `start'
	/home/vishnu/.rvm/gems/ruby-2.2.1/gems/thin-1.6.4/lib/thin/controllers/controller.rb:87:in `start'
	/home/vishnu/.rvm/gems/ruby-2.2.1/gems/thin-1.6.4/lib/thin/runner.rb:200:in `run_command'
	/home/vishnu/.rvm/gems/ruby-2.2.1/gems/thin-1.6.4/lib/thin/runner.rb:156:in `run!'
	/home/vishnu/.rvm/gems/ruby-2.2.1/gems/thin-1.6.4/bin/thin:6:in `<top (required)>'
	/home/vishnu/.rvm/gems/ruby-2.2.1/bin/thin:23:in `load'
	/home/vishnu/.rvm/gems/ruby-2.2.1/bin/thin:23:in `<main>'
	/home/vishnu/.rvm/gems/ruby-2.2.1/bin/ruby_executable_hooks:15:in `eval'
	/home/vishnu/.rvm/gems/ruby-2.2.1/bin/ruby_executable_hooks:15:in `<main>'
Exiting!
